<?xml version="1.0" encoding="utf-8"?><testsuites name="pytest tests"><testsuite name="pytest" errors="0" failures="0" skipped="0" tests="19" time="5.892" timestamp="2026-06-12T14:26:27.817885+00:00" hostname="agent-env-b3862d4f-a617-4fbe-a331-fcf15e526409"><testcase classname="backend.tests.test_api" name="test_root" time="0.300" /><testcase classname="backend.tests.test_api.TestAuth" name="test_login_owner" time="0.382" /><testcase classname="backend.tests.test_api.TestAuth" name="test_login_operator" time="0.358" /><testcase classname="backend.tests.test_api.TestAuth" name="test_me_endpoint" time="0.107" /><testcase classname="backend.tests.test_api.TestAuth" name="test_me_no_token" time="0.103" /><testcase classname="backend.tests.test_api.TestAuth" name="test_login_invalid_pwd" time="0.328" /><testcase classname="backend.tests.test_api.TestAuth" name="test_register_duplicate" time="0.110" /><testcase classname="backend.tests.test_api.TestResetPassword" name="test_reset_unknown_email_404" time="0.099" /><testcase classname="backend.tests.test_api.TestResetPassword" name="test_reset_short_password_422" time="0.100" /><testcase classname="backend.tests.test_api.TestResetPassword" name="test_reset_owner_password_and_restore" time="1.666" /><testcase classname="backend.tests.test_api.TestAudits" name="test_operator_create_audit_persists" time="0.219" /><testcase classname="backend.tests.test_api.TestAudits" name="test_owner_sees_all_audits" time="0.243" /><testcase classname="backend.tests.test_api.TestAudits" name="test_operator_cannot_see_other_audits" time="0.209" /><testcase classname="backend.tests.test_api.TestAudits" name="test_patch_audit_and_verify" time="0.316" /><testcase classname="backend.tests.test_api.TestAudits" name="test_delete_audit_removes_it" time="0.302" /><testcase classname="backend.tests.test_api.TestAudits" name="test_audits_no_token_401" time="0.094" /><testcase classname="backend.tests.test_api.TestCriticita" name="test_resolve_and_get" time="0.451" /><testcase classname="backend.tests.test_api.TestConfigQuestions" name="test_operator_cannot_update_config" time="0.099" /><testcase classname="backend.tests.test_api.TestConfigQuestions" name="test_owner_can_update_config" time="0.197" /></testsuite></testsuites>